SF:/Users/tatumalenko/dev/personal/Moon/Moon/Lexer.fs
FN:2,System.Int32 Moon.Lexer.TokenType::CompareTo(System.Object)
FNDA:0,System.Int32 Moon.Lexer.TokenType::CompareTo(System.Object)
DA:3,0
FN:16,Microsoft.FSharp.Core.FSharpOption`1<Microsoft.FSharp.Collections.FSharpList`1<System.String>> Moon.Lexer.Token::|Regex|_|(System.String,System.String)
FNDA:0,Microsoft.FSharp.Core.FSharpOption`1<Microsoft.FSharp.Collections.FSharpList`1<System.String>> Moon.Lexer.Token::|Regex|_|(System.String,System.String)
DA:17,0
DA:18,0
DA:19,0
DA:21,0
BRDA:18,14,0,0
BRDA:18,14,1,0
FN:23,System.String Moon.Lexer.Token::asString(Moon.Lexer.TokenType)
FNDA:18,System.String Moon.Lexer.Token::asString(Moon.Lexer.TokenType)
DA:24,18
DA:25,2
DA:26,2
DA:27,2
DA:28,2
DA:29,4
DA:30,2
DA:31,2
DA:32,2
BRDA:24,6,0,2
BRDA:24,6,1,2
BRDA:24,6,2,2
BRDA:24,6,3,2
BRDA:24,6,4,2
BRDA:24,6,5,4
BRDA:24,6,6,2
BRDA:24,6,7,2
BRDA:24,6,8,2
FN:33,System.Text.RegularExpressions.Regex Moon.Lexer.Token::asRegex(Moon.Lexer.TokenType)
FNDA:18,System.Text.RegularExpressions.Regex Moon.Lexer.Token::asRegex(Moon.Lexer.TokenType)
DA:34,18
FN:35,System.Boolean Moon.Lexer.Token::isMatch(Moon.Lexer.TokenType,System.String)
FNDA:18,System.Boolean Moon.Lexer.Token::isMatch(Moon.Lexer.TokenType,System.String)
DA:36,18
LF:16
LH:11
BRF:28
BRH:9
FNF:5
FNH:3
end_of_record